2023-06-28 10:06:52,617 INFO o.a.j.u.JMeterUtils: Setting Locale to en_EN
2023-06-28 10:06:52,643 INFO o.a.j.JMeter: Loading user properties from: /usr/local/Cellar/jmeter/5.6/libexec/bin/user.properties
2023-06-28 10:06:52,644 INFO o.a.j.JMeter: Loading system properties from: /usr/local/Cellar/jmeter/5.6/libexec/bin/system.properties
2023-06-28 10:06:52,651 INFO o.a.j.JMeter: Copyright (c) 1998-2023 The Apache Software Foundation
2023-06-28 10:06:52,651 INFO o.a.j.JMeter: Version 5.6
2023-06-28 10:06:52,651 INFO o.a.j.JMeter: java.version=17.0.7
2023-06-28 10:06:52,652 INFO o.a.j.JMeter: java.vm.name=OpenJDK 64-Bit Server VM
2023-06-28 10:06:52,652 INFO o.a.j.JMeter: os.name=Mac OS X
2023-06-28 10:06:52,652 INFO o.a.j.JMeter: os.arch=x86_64
2023-06-28 10:06:52,652 INFO o.a.j.JMeter: os.version=13.2.1
2023-06-28 10:06:52,652 INFO o.a.j.JMeter: file.encoding=UTF-8
2023-06-28 10:06:52,652 INFO o.a.j.JMeter: java.awt.headless=null
2023-06-28 10:06:52,652 INFO o.a.j.JMeter: Max memory     =1073741824
2023-06-28 10:06:52,652 INFO o.a.j.JMeter: Available Processors =8
2023-06-28 10:06:52,662 INFO o.a.j.JMeter: Default Locale=English (EN)
2023-06-28 10:06:52,662 INFO o.a.j.JMeter: JMeter  Locale=English (EN)
2023-06-28 10:06:52,662 INFO o.a.j.JMeter: JMeterHome=/usr/local/Cellar/jmeter/5.6/libexec
2023-06-28 10:06:52,662 INFO o.a.j.JMeter: user.dir  =/Users/MatthewFallon/Projects/recipe-app-api
2023-06-28 10:06:52,662 INFO o.a.j.JMeter: PWD       =/Users/MatthewFallon/Projects/recipe-app-api
2023-06-28 10:06:52,664 INFO o.a.j.JMeter: IP: 127.0.0.1 Name: SNA-IRLDEV-011.local FullName: localhost
2023-06-28 10:06:52,685 INFO o.a.j.JMeter: Loaded icon properties from org/apache/jmeter/images/icon.properties
2023-06-28 10:06:53,199 INFO o.a.j.JMeterGuiLauncher: Setting LAF to: com.github.weisj.darklaf.DarkLaf:com.github.weisj.darklaf.theme.DarculaTheme
2023-06-28 10:06:54,667 INFO o.a.j.r.ClassFinder: Will scan jar /usr/local/Cellar/jmeter/5.6/libexec/lib/ext/jmeter-plugins-manager-1.9.jar with filter ExtendsClassFilter [parents=[interface org.apache.jmeter.gui.action.Command], inner=false, contains=null, notContains=null]. Consider exposing JMeter plugins via META-INF/services, and add JMeter-Skip-Class-Scanning=true manifest attribute so JMeter can skip classfile scanning
2023-06-28 10:06:54,836 INFO o.a.j.r.ClassFinder: Will scan jar /usr/local/Cellar/jmeter/5.6/libexec/lib/ext/jmeter-plugins-manager-1.9.jar with filter ExtendsClassFilter [parents=[interface org.apache.jmeter.gui.plugin.MenuCreator], inner=false, contains=null, notContains=null]. Consider exposing JMeter plugins via META-INF/services, and add JMeter-Skip-Class-Scanning=true manifest attribute so JMeter can skip classfile scanning
2023-06-28 10:06:54,963 INFO o.j.r.JARSourceHTTP: Found cached repo
2023-06-28 10:06:55,223 INFO o.j.r.PluginManager: Plugins Status: [jpgc-plugins-manager=1.9, jmeter-core=5.6, jmeter-ftp=5.6, jmeter-http=5.6, jmeter-jdbc=5.6, jmeter-jms=5.6, jmeter-junit=5.6, jmeter-java=5.6, jmeter-ldap=5.6, jmeter-mail=5.6, jmeter-mongodb=5.6, jmeter-native=5.6, jmeter-tcp=5.6, jmeter-components=5.6]
2023-06-28 10:08:16,765 INFO o.a.j.s.FileServer: Default base='/Users/MatthewFallon/Projects/recipe-app-api'
2023-06-28 10:08:16,766 INFO o.a.j.s.FileServer: Set new base='/Users/MatthewFallon/Projects/recipe-app-api'
2023-06-28 10:08:16,974 INFO o.a.j.s.SaveService: Testplan (JMX) version: 2.2. Testlog (JTL) version: 2.2
2023-06-28 10:08:16,983 INFO o.a.j.s.SaveService: Using SaveService properties version 5.0
2023-06-28 10:08:16,985 INFO o.a.j.s.SaveService: Using SaveService properties file encoding UTF-8
2023-06-28 10:08:53,170 INFO o.a.j.s.FileServer: Set new base='/Users/MatthewFallon/Projects/recipe-app-api'
2023-06-28 10:08:53,181 INFO o.a.j.e.StandardJMeterEngine: Running the test!
2023-06-28 10:08:53,182 INFO o.a.j.s.SampleEvent: List of sample_variables: []
2023-06-28 10:08:53,182 INFO o.a.j.s.SampleEvent: List of sample_variables: []
2023-06-28 10:08:53,183 INFO o.a.j.e.u.CompoundVariable: Note: Function class names must contain the string: '.functions.'
2023-06-28 10:08:53,184 INFO o.a.j.e.u.CompoundVariable: Note: Function class names must not contain the string: '.gui.'
2023-06-28 10:08:53,271 INFO o.a.j.r.ClassFinder: Will scan jar /usr/local/Cellar/jmeter/5.6/libexec/lib/ext/jmeter-plugins-manager-1.9.jar with filter ExtendsClassFilter [parents=[interface org.apache.jmeter.functions.Function], inner=false, contains=null, notContains=null]. Consider exposing JMeter plugins via META-INF/services, and add JMeter-Skip-Class-Scanning=true manifest attribute so JMeter can skip classfile scanning
2023-06-28 10:08:53,276 INFO o.a.j.g.u.JMeterMenuBar: setRunning(true, *local*)
2023-06-28 10:08:53,316 INFO o.a.j.e.StandardJMeterEngine: No enabled thread groups found
2023-06-28 10:08:53,317 INFO o.a.j.e.StandardJMeterEngine: Notifying test listeners of end of test
2023-06-28 10:08:53,317 INFO o.a.j.g.u.JMeterMenuBar: setRunning(false, *local*)
